<?xml version="1.0" encoding="UTF-8"?>
<testsuite name="org.example.springbootdeveloper.controller.BlogApiControllerTest" tests="1" skipped="0" failures="0" errors="0" timestamp="2023-11-14T04:30:59" hostname="SeungHunui-MacBookAir.local" time="0.389">
  <properties/>
  <testcase name="addArticle : 블로그 글 추가에 성공한다." classname="org.example.springbootdeveloper.controller.BlogApiControllerTest" time="0.389"/>
  <system-out><![CDATA[13:30:57.208 [Test worker] DEBUG org.springframework.boot.test.context.SpringBootTestContextBootstrapper - Neither @ContextConfiguration nor @ContextHierarchy found for test class [BlogApiControllerTest]: using SpringBootContextLoader
13:30:57.213 [Test worker] DEBUG org.springframework.test.context.support.AbstractContextLoader - Could not detect default resource locations for test class [org.example.springbootdeveloper.controller.BlogApiControllerTest]: no resource found for suffixes {-context.xml, Context.groovy}.
13:30:57.214 [Test worker] INFO org.springframework.test.context.support.AnnotationConfigContextLoaderUtils - Could not detect default configuration classes for test class [org.example.springbootdeveloper.controller.BlogApiControllerTest]: BlogApiControllerTest does not declare any static, non-private, non-final, nested classes annotated with @Configuration.
13:30:57.247 [Test worker] DEBUG org.springframework.boot.test.context.SpringBootTestContextBootstrapper - Using ContextCustomizers for test class [BlogApiControllerTest]: [DisableObservabilityContextCustomizer, PropertyMappingContextCustomizer, Customizer, ImportsContextCustomizer, ExcludeFilterContextCustomizer, DuplicateJsonObjectContextCustomizer, MockitoContextCustomizer, TestRestTemplateContextCustomizer]
13:30:57.312 [Test worker] DEBUG org.springframework.context.annotation.ClassPathScanningCandidateComponentProvider - Identified candidate component class: file [/Users/seunghunjang/Desktop/springboot-developer/build/classes/java/main/org/example/springbootdeveloper/SpringBootDeveloperApplication.class]
13:30:57.313 [Test worker] INFO org.springframework.boot.test.context.SpringBootTestContextBootstrapper - Found @SpringBootConfiguration org.example.springbootdeveloper.SpringBootDeveloperApplication for test class org.example.springbootdeveloper.controller.BlogApiControllerTest
13:30:57.375 [Test worker] DEBUG org.springframework.boot.test.context.SpringBootTestContextBootstrapper - Using TestExecutionListeners for test class [BlogApiControllerTest]: [ServletTestExecutionListener, DirtiesContextBeforeModesTestExecutionListener, ApplicationEventsTestExecutionListener, MockitoTestExecutionListener, DependencyInjectionTestExecutionListener, DirtiesContextTestExecutionListener, TransactionalTestExecutionListener, SqlScriptsTestExecutionListener, EventPublishingTestExecutionListener, RestDocsTestExecutionListener, MockRestServiceServerResetTestExecutionListener, MockMvcPrintOnlyOnFailureTestExecutionListener, WebDriverTestExecutionListener, MockWebServiceServerTestExecutionListener, ResetMocksTestExecutionListener]
13:30:57.376 [Test worker] DEBUG org.springframework.test.context.support.AbstractDirtiesContextTestExecutionListener - Before test class: class [BlogApiControllerTest], class annotated with @DirtiesContext [false] with mode [null]

  .   ____          _            __ _ _
 /\\ / ___'_ __ _ _(_)_ __  __ _ \ \ \ \
( ( )\___ | '_ | '_| | '_ \/ _` | \ \ \ \
 \\/  ___)| |_)| | | | | || (_| |  ) ) ) )
  '  |____| .__|_| |_|_| |_\__, | / / / /
 =========|_|==============|___/=/_/_/_/
 :: Spring Boot ::                (v3.0.2)

2023-11-14T13:30:57.588+09:00  INFO 17130 --- [    Test worker] o.e.s.controller.BlogApiControllerTest   : Starting BlogApiControllerTest using Java 17.0.8 with PID 17130 (started by seunghunjang in /Users/seunghunjang/Desktop/springboot-developer)
2023-11-14T13:30:57.589+09:00  INFO 17130 --- [    Test worker] o.e.s.controller.BlogApiControllerTest   : No active profile set, falling back to 1 default profile: "default"
2023-11-14T13:30:57.976+09:00  INFO 17130 --- [    Test worker] .s.d.r.c.RepositoryConfigurationDelegate : Bootstrapping Spring Data JPA repositories in DEFAULT mode.
2023-11-14T13:30:58.011+09:00  INFO 17130 --- [    Test worker] .s.d.r.c.RepositoryConfigurationDelegate : Finished Spring Data repository scanning in 29 ms. Found 1 JPA repository interfaces.
2023-11-14T13:30:58.268+09:00  INFO 17130 --- [    Test worker] com.zaxxer.hikari.HikariDataSource       : HikariPool-1 - Starting...
2023-11-14T13:30:58.392+09:00  INFO 17130 --- [    Test worker] com.zaxxer.hikari.pool.HikariPool        : HikariPool-1 - Added connection conn0: url=jdbc:h2:mem:testdb user=SA
2023-11-14T13:30:58.393+09:00  INFO 17130 --- [    Test worker] com.zaxxer.hikari.HikariDataSource       : HikariPool-1 - Start completed.
2023-11-14T13:30:58.422+09:00  INFO 17130 --- [    Test worker] o.hibernate.jpa.internal.util.LogHelper  : HHH000204: Processing PersistenceUnitInfo [name: default]
2023-11-14T13:30:58.454+09:00  INFO 17130 --- [    Test worker] org.hibernate.Version                    : HHH000412: Hibernate ORM core version 6.1.6.Final
2023-11-14T13:30:58.561+09:00  WARN 17130 --- [    Test worker] org.hibernate.orm.deprecation            : HHH90000021: Encountered deprecated setting [javax.persistence.sharedCache.mode], use [jakarta.persistence.sharedCache.mode] instead
2023-11-14T13:30:58.645+09:00  INFO 17130 --- [    Test worker] SQL dialect                              : HHH000400: Using dialect: org.hibernate.dialect.H2Dialect
2023-11-14T13:30:59.058+09:00  INFO 17130 --- [    Test worker] o.h.e.t.j.p.i.JtaPlatformInitiator       : HHH000490: Using JtaPlatform implementation: [org.hibernate.engine.transaction.jta.platform.internal.NoJtaPlatform]
2023-11-14T13:30:59.063+09:00  INFO 17130 --- [    Test worker] j.LocalContainerEntityManagerFactoryBean : Initialized JPA EntityManagerFactory for persistence unit 'default'
2023-11-14T13:30:59.310+09:00  WARN 17130 --- [    Test worker] JpaBaseConfiguration$JpaWebConfiguration : spring.jpa.open-in-view is enabled by default. Therefore, database queries may be performed during view rendering. Explicitly configure spring.jpa.open-in-view to disable this warning
2023-11-14T13:30:59.497+09:00  INFO 17130 --- [    Test worker] o.s.b.a.h2.H2ConsoleAutoConfiguration    : H2 console available at '/h2-console'. Database available at 'jdbc:h2:mem:testdb'
2023-11-14T13:30:59.536+09:00  INFO 17130 --- [    Test worker] o.s.b.t.m.w.SpringBootMockServletContext : Initializing Spring TestDispatcherServlet ''
2023-11-14T13:30:59.536+09:00  INFO 17130 --- [    Test worker] o.s.t.web.servlet.TestDispatcherServlet  : Initializing Servlet ''
2023-11-14T13:30:59.538+09:00  INFO 17130 --- [    Test worker] o.s.t.web.servlet.TestDispatcherServlet  : Completed initialization in 0 ms
2023-11-14T13:30:59.560+09:00  INFO 17130 --- [    Test worker] o.e.s.controller.BlogApiControllerTest   : Started BlogApiControllerTest in 2.154 seconds (process running for 2.955)
2023-11-14T13:30:59.674+09:00  INFO 17130 --- [    Test worker] o.s.b.t.m.w.SpringBootMockServletContext : Initializing Spring TestDispatcherServlet ''
2023-11-14T13:30:59.674+09:00  INFO 17130 --- [    Test worker] o.s.t.web.servlet.TestDispatcherServlet  : Initializing Servlet ''
2023-11-14T13:30:59.675+09:00  INFO 17130 --- [    Test worker] o.s.t.web.servlet.TestDispatcherServlet  : Completed initialization in 0 ms
]]></system-out>
  <system-err><![CDATA[]]></system-err>
</testsuite>
